# JRE version: OpenJDK Runtime Environment (7.0_79-b14) (build 1.7.0_79-b14)
# Java VM: OpenJDK 64-Bit Server VM (24.79-b02 mixed mode linux-amd64 compressed oops)
Heap
 PSYoungGen      total 69632K, used 5091K [0x00000007d6a80000, 0x00000007db380000, 0x0000000800000000)
  eden space 64512K, 0% used [0x00000007d6a80000,0x00000007d6a80000,0x00000007da980000)
  from space 5120K, 99% used [0x00000007da980000,0x00000007dae78ef8,0x00000007dae80000)
  to   space 5120K, 0% used [0x00000007dae80000,0x00000007dae80000,0x00000007db380000)
 ParOldGen       total 84480K, used 12967K [0x0000000784000000, 0x0000000789280000, 0x00000007d6a80000)
  object space 84480K, 15% used [0x0000000784000000,0x0000000784ca9f88,0x0000000789280000)
 PSPermGen       total 21504K, used 16940K [0x0000000779a00000, 0x000000077af00000, 0x0000000784000000)
  object space 21504K, 78% used [0x0000000779a00000,0x000000077aa8b228,0x000000077af00000)
GC Heap History (5 events):
Event: 16.374 GC heap before
{Heap before GC invocations=1 (full 0):
 PSYoungGen      total 37376K, used 32256K [0x00000007d6a80000, 0x00000007d9400000, 0x0000000800000000)
  eden space 32256K, 100% used [0x00000007d6a80000,0x00000007d8a00000,0x00000007d8a00000)
  from space 5120K, 0% used [0x00000007d8f00000,0x00000007d8f00000,0x00000007d9400000)
  to   space 5120K, 0% used [0x00000007d8a00000,0x00000007d8a00000,0x00000007d8f00000)
 ParOldGen       total 84480K, used 0K [0x0000000784000000, 0x0000000789280000, 0x00000007d6a80000)
  object space 84480K, 0% used [0x0000000784000000,0x0000000784000000,0x0000000789280000)
 PSPermGen       total 21504K, used 6312K [0x0000000779a00000, 0x000000077af00000, 0x0000000784000000)
  object space 21504K, 29% used [0x0000000779a00000,0x000000077a02a090,0x000000077af00000)
Event: 17.502 GC heap after
Heap after GC invocations=1 (full 0):
 PSYoungGen      total 37376K, used 5091K [0x00000007d6a80000, 0x00000007db380000, 0x0000000800000000)
  eden space 32256K, 0% used [0x00000007d6a80000,0x00000007d6a80000,0x00000007d8a00000)
  from space 5120K, 99% used [0x00000007d8a00000,0x00000007d8ef8ef8,0x00000007d8f00000)
  to   space 5120K, 0% used [0x00000007dae80000,0x00000007dae80000,0x00000007db380000)
 ParOldGen       total 84480K, used 4855K [0x0000000784000000, 0x0000000789280000, 0x00000007d6a80000)
  object space 84480K, 5% used [0x0000000784000000,0x00000007844bde98,0x0000000789280000)
 PSPermGen       total 21504K, used 6312K [0x0000000779a00000, 0x000000077af00000, 0x0000000784000000)
  object space 21504K, 29% used [0x0000000779a00000,0x000000077a02a090,0x000000077af00000)
}
Event: 30.899 GC heap before
{Heap before GC invocations=2 (full 0):
 PSYoungGen      total 37376K, used 37347K [0x00000007d6a80000, 0x00000007db380000, 0x0000000800000000)
  eden space 32256K, 100% used [0x00000007d6a80000,0x00000007d8a00000,0x00000007d8a00000)
  from space 5120K, 99% used [0x00000007d8a00000,0x00000007d8ef8ef8,0x00000007d8f00000)
  to   space 5120K, 0% used [0x00000007dae80000,0x00000007dae80000,0x00000007db380000)
 ParOldGen       total 84480K, used 4855K [0x0000000784000000, 0x0000000789280000, 0x00000007d6a80000)
  object space 84480K, 5% used [0x0000000784000000,0x00000007844bde98,0x0000000789280000)
 PSPermGen       total 21504K, used 10364K [0x0000000779a00000, 0x000000077af00000, 0x0000000784000000)
  object space 21504K, 48% used [0x0000000779a00000,0x000000077a41f2f0,0x000000077af00000)
Event: 30.939 GC heap after
Heap after GC invocations=2 (full 0):
 PSYoungGen      total 69632K, used 5107K [0x00000007d6a80000, 0x00000007db380000, 0x0000000800000000)
  eden space 64512K, 0% used [0x00000007d6a80000,0x00000007d6a80000,0x00000007da980000)
  from space 5120K, 99% used [0x00000007dae80000,0x00000007db37cf08,0x00000007db380000)
  to   space 5120K, 0% used [0x00000007da980000,0x00000007da980000,0x00000007dae80000)
 ParOldGen       total 84480K, used 7332K [0x0000000784000000, 0x0000000789280000, 0x00000007d6a80000)
  object space 84480K, 8% used [0x0000000784000000,0x00000007847293a8,0x0000000789280000)
 PSPermGen       total 21504K, used 10364K [0x0000000779a00000, 0x000000077af00000, 0x0000000784000000)
  object space 21504K, 48% used [0x0000000779a00000,0x000000077a41f2f0,0x000000077af00000)
}
Event: 48.151 GC heap before
{Heap before GC invocations=3 (full 0):
 PSYoungGen      total 69632K, used 69619K [0x00000007d6a80000, 0x00000007db380000, 0x0000000800000000)
  eden space 64512K, 100% used [0x00000007d6a80000,0x00000007da980000,0x00000007da980000)
  from space 5120K, 99% used [0x00000007dae80000,0x00000007db37cf08,0x00000007db380000)
  to   space 5120K, 0% used [0x00000007da980000,0x00000007da980000,0x00000007dae80000)
 ParOldGen       total 84480K, used 7332K [0x0000000784000000, 0x0000000789280000, 0x00000007d6a80000)
  object space 84480K, 8% used [0x0000000784000000,0x00000007847293a8,0x0000000789280000)
 PSPermGen       total 21504K, used 16940K [0x0000000779a00000, 0x000000077af00000, 0x0000000784000000)
  object space 21504K, 78% used [0x0000000779a00000,0x000000077aa8b228,0x000000077af00000)

